Command: /home/hedu22/dev/SPI_I2C_UVM/././build/simv +UVM_TESTNAME=test -l ././build/simv.log +fsdbfile+./build/wave.fsdb
Chronologic VCS simulator copyright 1991-2024
Contains Synopsys proprietary information.
Compiler version W-2024.09-SP1_Full64; Runtime version W-2024.09-SP1_Full64;  May 25 01:31 2025
UVM_INFO /tools/synopsys/vcs/W-2024.09-SP1/etc/uvm-1.2/base/uvm_root.svh(402) @ 0: reporter [UVM/RELNOTES] 
----------------------------------------------------------------
UVM-1.2.Synopsys
(C) 2007-2014 Mentor Graphics Corporation
(C) 2007-2014 Cadence Design Systems, Inc.
(C) 2006-2014 Synopsys, Inc.
(C) 2011-2013 Cypress Semiconductor Corp.
(C) 2013-2014 NVIDIA Corporation
----------------------------------------------------------------

  ***********       IMPORTANT RELEASE NOTES         ************

  You are using a version of the UVM library that has been compiled
  with `UVM_NO_DEPRECATED undefined.
  See http://www.eda.org/svdb/view.php?id=3313 for more details.

  You are using a version of the UVM library that has been compiled
  with `UVM_OBJECT_DO_NOT_NEED_CONSTRUCTOR undefined.
  See http://www.eda.org/svdb/view.php?id=3770 for more details.

      (Specify +UVM_NO_RELNOTES to turn off this notice)

*Verdi* Loading libsscore_vcs202409.so
FSDB Dumper for VCS, Release Verdi_W-2024.09-SP2, Linux x86_64/64bit, 03/03/2025
(C) 1996 - 2025 by Synopsys, Inc.
*Verdi* FSDB WARNING: The FSDB file already exists. Overwriting the FSDB file may crash the programs that are using this file.
*Verdi* : Create FSDB file './build/wave.fsdb'
*Verdi* : Begin traversing the scopes, layer (0).
*Verdi* : End of traversing.
*Verdi* WARNING: Env/runtime option has specified fsdbfile name as "./build/wave.fsdb". Fsdbfile name in task "wave.fsdb" is ignored.
UVM_INFO @ 0: reporter [RNTST] Running test test...
UVM_INFO /tools/synopsys/vcs/W-2024.09-SP1/etc/uvm-1.2/base/uvm_root.svh(589) @ 0: reporter [UVMTOP] UVM testbench topology:
--------------------------------------------------------------
Name                       Type                    Size  Value
--------------------------------------------------------------
uvm_test_top               test                    -     @342 
  ENV                      SPI_environment         -     @361 
    AGT                    SPI_agent               -     @389 
      DRV                  SPI_driver              -     @418 
        rsp_port           uvm_analysis_port       -     @437 
        seq_item_port      uvm_seq_item_pull_port  -     @427 
      MON                  SPI_monitor             -     @399 
        WRITE              uvm_analysis_port       -     @408 
      SQR                  uvm_sequencer           -     @447 
        rsp_export         uvm_analysis_export     -     @456 
        seq_item_export    uvm_seq_item_pull_imp   -     @574 
        arbitration_queue  array                   0     -    
        lock_queue         array                   0     -    
        num_last_reqs      integral                32    'd1  
        num_last_rsps      integral                32    'd1  
    SCO                    SPI_scoreboard          -     @370 
      READ                 uvm_analysis_imp        -     @379 
--------------------------------------------------------------

UVM_INFO ./tb/tb_SPI.sv(103) @ 195000: uvm_test_top.ENV.AGT.SQR@@SEQ [SEQ] Fixed tx_data: 128
UVM_INFO ./tb/tb_SPI.sv(183) @ 205000: uvm_test_top.ENV.AGT.DRV [DRV] Drive dut: tx=128
UVM_INFO ./tb/tb_SPI.sv(243) @ 8206000: uvm_test_top.ENV.AGT.MON [MON] sampled tx:128, rx:x
UVM_INFO ./tb/tb_SPI.sv(271) @ 8206000: uvm_test_top.ENV.SCO [SCO] Recieved tx_data:128
UVM_ERROR ./tb/tb_SPI.sv(277) @ 8206000: uvm_test_top.ENV.SCO [SCO] *** TEST FAILED ***
UVM_INFO ./tb/tb_SPI.sv(91) @ 8225000: uvm_test_top.ENV.AGT.SQR@@SEQ [SEQ] Random tx_data: 201
UVM_INFO ./tb/tb_SPI.sv(183) @ 8235000: uvm_test_top.ENV.AGT.DRV [DRV] Drive dut: tx=201
UVM_INFO ./tb/tb_SPI.sv(243) @ 16236000: uvm_test_top.ENV.AGT.MON [MON] sampled tx:201, rx:x
UVM_INFO ./tb/tb_SPI.sv(271) @ 16236000: uvm_test_top.ENV.SCO [SCO] Recieved tx_data:201
UVM_ERROR ./tb/tb_SPI.sv(277) @ 16236000: uvm_test_top.ENV.SCO [SCO] *** TEST FAILED ***
UVM_INFO ./tb/tb_SPI.sv(91) @ 16255000: uvm_test_top.ENV.AGT.SQR@@SEQ [SEQ] Random tx_data: 53
UVM_INFO ./tb/tb_SPI.sv(183) @ 16265000: uvm_test_top.ENV.AGT.DRV [DRV] Drive dut: tx=53
UVM_INFO ./tb/tb_SPI.sv(243) @ 24266000: uvm_test_top.ENV.AGT.MON [MON] sampled tx:53, rx:x
UVM_INFO ./tb/tb_SPI.sv(271) @ 24266000: uvm_test_top.ENV.SCO [SCO] Recieved tx_data:53
UVM_ERROR ./tb/tb_SPI.sv(277) @ 24266000: uvm_test_top.ENV.SCO [SCO] *** TEST FAILED ***
UVM_INFO ./tb/tb_SPI.sv(91) @ 24285000: uvm_test_top.ENV.AGT.SQR@@SEQ [SEQ] Random tx_data: 132
UVM_INFO ./tb/tb_SPI.sv(183) @ 24295000: uvm_test_top.ENV.AGT.DRV [DRV] Drive dut: tx=132
UVM_INFO ./tb/tb_SPI.sv(243) @ 32296000: uvm_test_top.ENV.AGT.MON [MON] sampled tx:132, rx:x
UVM_INFO ./tb/tb_SPI.sv(271) @ 32296000: uvm_test_top.ENV.SCO [SCO] Recieved tx_data:132
UVM_ERROR ./tb/tb_SPI.sv(277) @ 32296000: uvm_test_top.ENV.SCO [SCO] *** TEST FAILED ***
UVM_INFO ./tb/tb_SPI.sv(91) @ 32315000: uvm_test_top.ENV.AGT.SQR@@SEQ [SEQ] Random tx_data: 195
UVM_INFO ./tb/tb_SPI.sv(183) @ 32325000: uvm_test_top.ENV.AGT.DRV [DRV] Drive dut: tx=195
UVM_INFO ./tb/tb_SPI.sv(243) @ 40326000: uvm_test_top.ENV.AGT.MON [MON] sampled tx:195, rx:x
UVM_INFO ./tb/tb_SPI.sv(271) @ 40326000: uvm_test_top.ENV.SCO [SCO] Recieved tx_data:195
UVM_ERROR ./tb/tb_SPI.sv(277) @ 40326000: uvm_test_top.ENV.SCO [SCO] *** TEST FAILED ***
UVM_INFO ./tb/tb_SPI.sv(103) @ 40345000: uvm_test_top.ENV.AGT.SQR@@SEQ [SEQ] Fixed tx_data: 0
UVM_INFO ./tb/tb_SPI.sv(183) @ 40405000: uvm_test_top.ENV.AGT.DRV [DRV] Drive dut: tx=0
UVM_INFO ./tb/tb_SPI.sv(243) @ 48406000: uvm_test_top.ENV.AGT.MON [MON] sampled tx:0, rx:255
UVM_INFO ./tb/tb_SPI.sv(271) @ 48406000: uvm_test_top.ENV.SCO [SCO] Recieved tx_data:0
UVM_ERROR ./tb/tb_SPI.sv(277) @ 48406000: uvm_test_top.ENV.SCO [SCO] *** TEST FAILED ***
UVM_INFO ./tb/tb_SPI.sv(91) @ 48425000: uvm_test_top.ENV.AGT.SQR@@SEQ [SEQ] Random tx_data: 99
UVM_INFO ./tb/tb_SPI.sv(183) @ 48435000: uvm_test_top.ENV.AGT.DRV [DRV] Drive dut: tx=99
UVM_INFO ./tb/tb_SPI.sv(243) @ 56436000: uvm_test_top.ENV.AGT.MON [MON] sampled tx:99, rx:255
UVM_INFO ./tb/tb_SPI.sv(271) @ 56436000: uvm_test_top.ENV.SCO [SCO] Recieved tx_data:99
UVM_ERROR ./tb/tb_SPI.sv(277) @ 56436000: uvm_test_top.ENV.SCO [SCO] *** TEST FAILED ***
UVM_INFO ./tb/tb_SPI.sv(91) @ 56455000: uvm_test_top.ENV.AGT.SQR@@SEQ [SEQ] Random tx_data: 159
UVM_INFO ./tb/tb_SPI.sv(183) @ 56465000: uvm_test_top.ENV.AGT.DRV [DRV] Drive dut: tx=159
UVM_INFO ./tb/tb_SPI.sv(243) @ 64466000: uvm_test_top.ENV.AGT.MON [MON] sampled tx:159, rx:0
UVM_INFO ./tb/tb_SPI.sv(271) @ 64466000: uvm_test_top.ENV.SCO [SCO] Recieved tx_data:159
UVM_ERROR ./tb/tb_SPI.sv(277) @ 64466000: uvm_test_top.ENV.SCO [SCO] *** TEST FAILED ***
UVM_INFO ./tb/tb_SPI.sv(91) @ 64485000: uvm_test_top.ENV.AGT.SQR@@SEQ [SEQ] Random tx_data: 106
UVM_INFO ./tb/tb_SPI.sv(183) @ 64495000: uvm_test_top.ENV.AGT.DRV [DRV] Drive dut: tx=106
UVM_INFO ./tb/tb_SPI.sv(243) @ 72496000: uvm_test_top.ENV.AGT.MON [MON] sampled tx:106, rx:255
UVM_INFO ./tb/tb_SPI.sv(271) @ 72496000: uvm_test_top.ENV.SCO [SCO] Recieved tx_data:106
UVM_ERROR ./tb/tb_SPI.sv(277) @ 72496000: uvm_test_top.ENV.SCO [SCO] *** TEST FAILED ***
UVM_INFO ./tb/tb_SPI.sv(91) @ 72515000: uvm_test_top.ENV.AGT.SQR@@SEQ [SEQ] Random tx_data: 213
UVM_INFO ./tb/tb_SPI.sv(183) @ 72525000: uvm_test_top.ENV.AGT.DRV [DRV] Drive dut: tx=213
UVM_INFO ./tb/tb_SPI.sv(243) @ 80526000: uvm_test_top.ENV.AGT.MON [MON] sampled tx:213, rx:255
UVM_INFO ./tb/tb_SPI.sv(271) @ 80526000: uvm_test_top.ENV.SCO [SCO] Recieved tx_data:213
UVM_ERROR ./tb/tb_SPI.sv(277) @ 80526000: uvm_test_top.ENV.SCO [SCO] *** TEST FAILED ***
UVM_INFO ./tb/tb_SPI.sv(103) @ 80545000: uvm_test_top.ENV.AGT.SQR@@SEQ [SEQ] Fixed tx_data: 255
UVM_INFO ./tb/tb_SPI.sv(183) @ 80555000: uvm_test_top.ENV.AGT.DRV [DRV] Drive dut: tx=255
UVM_INFO ./tb/tb_SPI.sv(243) @ 88556000: uvm_test_top.ENV.AGT.MON [MON] sampled tx:255, rx:255
UVM_INFO ./tb/tb_SPI.sv(271) @ 88556000: uvm_test_top.ENV.SCO [SCO] Recieved tx_data:255
UVM_INFO ./tb/tb_SPI.sv(275) @ 88556000: uvm_test_top.ENV.SCO [SCO] *** TEST PASSED ***
UVM_INFO ./tb/tb_SPI.sv(103) @ 88575000: uvm_test_top.ENV.AGT.SQR@@SEQ [SEQ] Fixed tx_data: 255
UVM_INFO ./tb/tb_SPI.sv(183) @ 88585000: uvm_test_top.ENV.AGT.DRV [DRV] Drive dut: tx=255
UVM_INFO ./tb/tb_SPI.sv(243) @ 96586000: uvm_test_top.ENV.AGT.MON [MON] sampled tx:255, rx:0
UVM_INFO ./tb/tb_SPI.sv(271) @ 96586000: uvm_test_top.ENV.SCO [SCO] Recieved tx_data:255
UVM_ERROR ./tb/tb_SPI.sv(277) @ 96586000: uvm_test_top.ENV.SCO [SCO] *** TEST FAILED ***
UVM_INFO ./tb/tb_SPI.sv(103) @ 96605000: uvm_test_top.ENV.AGT.SQR@@SEQ [SEQ] Fixed tx_data: 255
UVM_INFO ./tb/tb_SPI.sv(183) @ 96615000: uvm_test_top.ENV.AGT.DRV [DRV] Drive dut: tx=255
UVM_INFO ./tb/tb_SPI.sv(243) @ 104616000: uvm_test_top.ENV.AGT.MON [MON] sampled tx:255, rx:255
UVM_INFO ./tb/tb_SPI.sv(271) @ 104616000: uvm_test_top.ENV.SCO [SCO] Recieved tx_data:255
UVM_INFO ./tb/tb_SPI.sv(275) @ 104616000: uvm_test_top.ENV.SCO [SCO] *** TEST PASSED ***
UVM_INFO ./tb/tb_SPI.sv(103) @ 104635000: uvm_test_top.ENV.AGT.SQR@@SEQ [SEQ] Fixed tx_data: 255
UVM_INFO ./tb/tb_SPI.sv(183) @ 104645000: uvm_test_top.ENV.AGT.DRV [DRV] Drive dut: tx=255
UVM_INFO ./tb/tb_SPI.sv(243) @ 112646000: uvm_test_top.ENV.AGT.MON [MON] sampled tx:255, rx:255
UVM_INFO ./tb/tb_SPI.sv(271) @ 112646000: uvm_test_top.ENV.SCO [SCO] Recieved tx_data:255
UVM_INFO ./tb/tb_SPI.sv(275) @ 112646000: uvm_test_top.ENV.SCO [SCO] *** TEST PASSED ***
UVM_INFO /tools/synopsys/vcs/W-2024.09-SP1/etc/uvm-1.2/base/uvm_objection.svh(1276) @ 112665000: reporter [TEST_DONE] 'run' phase is ready to proceed to the 'extract' phase
UVM_INFO /tools/synopsys/vcs/W-2024.09-SP1/etc/uvm-1.2/base/uvm_report_catcher.svh(705) @ 112665000: reporter [UVM/REPORT/CATCHER] 
--- UVM Report catcher Summary ---


Number of demoted UVM_FATAL reports  :    0
Number of demoted UVM_ERROR reports  :    0
Number of demoted UVM_WARNING reports:    0
Number of caught UVM_FATAL reports   :    0
Number of caught UVM_ERROR reports   :    0
Number of caught UVM_WARNING reports :    0

UVM_INFO /tools/synopsys/vcs/W-2024.09-SP1/etc/uvm-1.2/base/uvm_report_server.svh(904) @ 112665000: reporter [UVM/REPORT/SERVER] 
--- UVM Report Summary ---

** Report counts by severity
UVM_INFO :   64
UVM_WARNING :    0
UVM_ERROR :   11
UVM_FATAL :    0
** Report counts by id
[DRV]    14
[MON]    14
[RNTST]     1
[SCO]    28
[SEQ]    14
[TEST_DONE]     1
[UVM/RELNOTES]     1
[UVM/REPORT/CATCHER]     1
[UVMTOP]     1

$finish called from file "/tools/synopsys/vcs/W-2024.09-SP1/etc/uvm-1.2/base/uvm_root.svh", line 527.
$finish at simulation time            112665000
           V C S   S i m u l a t i o n   R e p o r t 
Time: 112665000 ps
CPU Time:      0.240 seconds;       Data structure size:   0.6Mb
Sun May 25 01:31:04 2025
